d:\u盘\harrgui\harrgui\debug\harrgui.pch
d:\u盘\harrgui\harrgui\debug\vc120.pdb
d:\u盘\harrgui\harrgui\debug\vc120.idb
d:\u盘\harrgui\harrgui\debug\stdafx.obj
d:\u盘\harrgui\harrgui\debug\cvvimage.obj
d:\u盘\harrgui\harrgui\debug\harrgui.obj
d:\u盘\harrgui\harrgui\debug\harrguidlg.obj
d:\u盘\harrgui\debug\harrgui.ilk
d:\u盘\harrgui\debug\harrgui.exe
d:\u盘\harrgui\debug\harrgui.pdb
d:\u盘\harrgui\harrgui\debug\harrgui.res
d:\u盘\harrgui\harrgui\debug\harrgui.tlog\cl.command.1.tlog
d:\u盘\harrgui\harrgui\debug\harrgui.tlog\cl.read.1.tlog
d:\u盘\harrgui\harrgui\debug\harrgui.tlog\cl.write.1.tlog
d:\u盘\harrgui\harrgui\debug\harrgui.tlog\link.command.1.tlog
d:\u盘\harrgui\harrgui\debug\harrgui.tlog\link.read.1.tlog
d:\u盘\harrgui\harrgui\debug\harrgui.tlog\link.write.1.tlog
d:\u盘\harrgui\harrgui\debug\harrgui.tlog\rc.command.1.tlog
d:\u盘\harrgui\harrgui\debug\harrgui.tlog\rc.read.1.tlog
d:\u盘\harrgui\harrgui\debug\harrgui.tlog\rc.write.1.tlog
